
> my-app@0.1.0 build
> next build

   ▲ Next.js 15.4.6
   - Experiments (use with caution):
     · optimizePackageImports

   Creating an optimized production build ...
 ✓ Compiled successfully in 22.0s
   Skipping linting
   Checking validity of types ...
Failed to compile.

./src/app/authors/page.tsx:32:27
Type error: Type '"card-grid"' is not assignable to type '"grid" | "list" | "detail" | undefined'.

[0m [90m 30 |[39m
 [90m 31 |[39m   [36mif[39m (isLoadingInitial) {
[31m[1m>[22m[39m[90m 32 |[39m     [36mreturn[39m [33m<[39m[33mUnifiedLoader[39m variant[33m=[39m[32m"card-grid"[39m count[33m=[39m{[35m6[39m} showFilters[33m=[39m{[36mfalse[39m} [33m/[39m[33m>[39m[33m;[39m
 [90m    |[39m                           [31m[1m^[22m[39m
 [90m 33 |[39m   }
 [90m 34 |[39m
 [90m 35 |[39m   [36mif[39m (error) {[0m
Next.js build worker exited with code: 1 and signal: null
