
> my-app@0.1.0 build
> next build

   ▲ Next.js 15.4.6
   - Experiments (use with caution):
     · optimizePackageImports

   Creating an optimized production build ...
Failed to compile.

./src/app/about/page.tsx
Error:   [31mx[0m Expected '</', got 'jsx text (
  [31m|[0m       )'
     ,-[[36;1;4mC:\Users\Abdul Tawab\OneDrive\Desktop\UloomMas\Madrasa1\src\app\about\page.tsx[0m:550:1]
 [2m547[0m |                   </div>
 [2m548[0m |                 </div>
 [2m549[0m |               </div>
 [2m550[0m | [35;1m,[0m[35;1m-[0m[35;1m>[0m         </div>
 [2m551[0m | [35;1m`[0m[35;1m-[0m[35;1m>[0m       </section>
 [2m552[0m |     
 [2m553[0m |           {/* Prayer Section */}
 [2m553[0m |           <section className="py-16 sm:py-20 md:py-24 bg-gradient-to-br from-green-600 via-green-700 to-green-800 relative overflow-hidden">
     `----

Caused by:
    Syntax Error

Import trace for requested module:
./src/app/about/page.tsx


> Build failed because of webpack errors
