
> my-app@0.1.0 build
> next build

   ▲ Next.js 15.4.6
   - Experiments (use with caution):
     · optimizePackageImports

   Creating an optimized production build ...
 ✓ Compiled successfully in 41s
   Skipping linting
   Checking validity of types ...
Failed to compile.

./src/app/search/page.tsx:214:27
Type error: Type '{ message: string; }' is not assignable to type 'IntrinsicAttributes & ErrorDisplayProps'.
  Property 'message' does not exist on type 'IntrinsicAttributes & ErrorDisplayProps'.

[0m [90m 212 |[39m         {error [33m&&[39m [33m![39mloading [33m&&[39m (
 [90m 213 |[39m           [33m<[39m[33mdiv[39m className[33m=[39m[32m"mb-8"[39m[33m>[39m
[31m[1m>[22m[39m[90m 214 |[39m             [33m<[39m[33mErrorDisplay[39m message[33m=[39m{error} [33m/[39m[33m>[39m
 [90m     |[39m                           [31m[1m^[22m[39m
 [90m 215 |[39m           [33m<[39m[33m/[39m[33mdiv[39m[33m>[39m
 [90m 216 |[39m         )}
 [90m 217 |[39m[0m
Next.js build worker exited with code: 1 and signal: null
