
> my-app@0.1.0 build
> next build

   ▲ Next.js 15.4.6
   - Experiments (use with caution):
     · optimizePackageImports

   Creating an optimized production build ...
 ✓ Compiled successfully in 21.0s
   Skipping linting
   Checking validity of types ...
Failed to compile.

./src/components/Breadcrumb.tsx:25:22
Type error: 'pathname' is possibly 'null'.

[0m [90m 23 |[39m   [90m// Get breadcrumb items based on pathname[39m
 [90m 24 |[39m   [36mconst[39m getBreadcrumbItems [33m=[39m () [33m=>[39m {
[31m[1m>[22m[39m[90m 25 |[39m     [36mconst[39m segments [33m=[39m pathname[33m.[39msplit([32m'/'[39m)[33m.[39mfilter([33mBoolean[39m)[33m;[39m
 [90m    |[39m                      [31m[1m^[22m[39m
 [90m 26 |[39m     [36mconst[39m items[33m:[39m { label[33m:[39m string[33m;[39m href[33m:[39m string }[] [33m=[39m [][33m;[39m
 [90m 27 |[39m
 [90m 28 |[39m     [90m// Map route segments to Pashto translations[39m[0m
Next.js build worker exited with code: 1 and signal: null
