
> my-app@0.1.0 build
> next build

   ▲ Next.js 15.4.6
   - Experiments (use with caution):
     · optimizePackageImports

   Creating an optimized production build ...
 ✓ Compiled successfully in 27.0s
   Skipping linting
   Checking validity of types ...
Failed to compile.

./src/app/search/page.tsx:65:17
Type error: 'searchParams' is possibly 'null'.

[0m [90m 63 |[39m   [36mconst[39m searchParams [33m=[39m useSearchParams()[33m;[39m
 [90m 64 |[39m   [36mconst[39m router [33m=[39m useRouter()[33m;[39m
[31m[1m>[22m[39m[90m 65 |[39m   [36mconst[39m query [33m=[39m searchParams[33m.[39m[36mget[39m([32m'q'[39m) [33m||[39m [32m''[39m[33m;[39m
 [90m    |[39m                 [31m[1m^[22m[39m
 [90m 66 |[39m   [36mconst[39m [searchQuery[33m,[39m setSearchQuery] [33m=[39m useState(query)[33m;[39m
 [90m 67 |[39m   [36mconst[39m [results[33m,[39m setResults] [33m=[39m useState[33m<[39m[33mSearchResult[39m[][33m>[39m([])[33m;[39m
 [90m 68 |[39m   [36mconst[39m [loading[33m,[39m setLoading] [33m=[39m useState([36mfalse[39m)[33m;[39m[0m
Next.js build worker exited with code: 1 and signal: null
