
> my-app@0.1.0 build
> next build

   ▲ Next.js 15.4.6
   - Experiments (use with caution):
     · optimizePackageImports

   Creating an optimized production build ...
 ✓ Compiled successfully in 15.0s
   Skipping linting
   Checking validity of types ...
Failed to compile.

./src/components/Breadcrumb.tsx:171:18
Type error: 'pathname' is possibly 'null'.

[0m [90m 169 |[39m             [33m<[39m[33mli[39m className[33m=[39m[32m"flex items-center gap-2"[39m[33m>[39m
 [90m 170 |[39m               [33m<[39m[33mspan[39m className[33m=[39m[32m"text-primary-600 font-medium"[39m[33m>[39m
[31m[1m>[22m[39m[90m 171 |[39m                 {pathname[33m.[39msplit([32m'/'[39m)[33m.[39mfilter([33mBoolean[39m)[33m.[39mpop() [33m||[39m [32m'Page'[39m}
 [90m     |[39m                  [31m[1m^[22m[39m
 [90m 172 |[39m               [33m<[39m[33m/[39m[33mspan[39m[33m>[39m
 [90m 173 |[39m             [33m<[39m[33m/[39m[33mli[39m[33m>[39m
 [90m 174 |[39m           )}[0m
Next.js build worker exited with code: 1 and signal: null
