
> my-app@0.1.0 build
> next build

   â–² Next.js 15.4.6
   - Experiments (use with caution):
     Â· optimizePackageImports

   Creating an optimized production build ...
 âœ“ Compiled successfully in 25.0s
   Skipping linting
   Checking validity of types ...
Failed to compile.

./src/app/search/page.tsx:92:23
Type error: Property 'error' does not exist on type 'SearchResponse'.

[0m [90m 90 |[39m         setSearchStats(data[33m.[39mtypes [33m||[39m [36mnull[39m)[33m;[39m
 [90m 91 |[39m       } [36melse[39m {
[31m[1m>[22m[39m[90m 92 |[39m         setError(data[33m.[39merror [33m||[39m [32m'Ø¯ Ù¾Ù„Ù¼Ù†Û Ù¾Ø±Ù…Ù‡Ø§Ù„ Ø³ØªÙˆÙ†Ø²Û Ø±Ø§Ù…Ù†ÚØªÙ‡ Ø´ÙˆÛ'[39m)[33m;[39m
 [90m    |[39m                       [31m[1m^[22m[39m
 [90m 93 |[39m         setResults([])[33m;[39m
 [90m 94 |[39m       }
 [90m 95 |[39m     } [36mcatch[39m (err) {[0m
Next.js build worker exited with code: 1 and signal: null
